<?xml version="1.0" encoding="UTF-8"?>
<!-- Generated by org.testng.reporters.JUnitReportReporter -->
<testsuite hostname="DESKTOP-TN0U7M8" failures="0" tests="2" name="parallel.CucumberRunnerTest" time="28.725" errors="0" timestamp="2023-06-17T08:50:11 IST" skipped="0">
  <testcase classname="parallel.CucumberRunnerTest" name="runScenario" time="13.378"/>
  <system-out/>
  <testcase classname="parallel.CucumberRunnerTest" name="runScenario" time="15.347"/>
  <system-out/>
</testsuite> <!-- parallel.CucumberRunnerTest -->
