<?xml version="1.0" encoding="UTF-8"?>
<!-- Generated by org.testng.reporters.JUnitReportReporter -->
<testsuite hostname="DESKTOP-TN0U7M8" failures="0" tests="2" name="runners.CucumberRunnerTest" time="49.503" errors="0" timestamp="2023-06-20T01:25:08 IST" skipped="0">
  <testcase classname="runners.CucumberRunnerTest" name="runScenario" time="21.986"/>
  <system-out/>
  <testcase classname="runners.CucumberRunnerTest" name="runScenario" time="27.517"/>
  <system-out/>
</testsuite> <!-- runners.CucumberRunnerTest -->
