<?xml version="1.0" encoding="UTF-8"?>
<!-- Generated by org.testng.reporters.JUnitReportReporter -->
<testsuite hostname="DESKTOP-TN0U7M8" failures="0" tests="2" name="runners.CucumberRunnerTest" time="61.115" errors="0" timestamp="2023-06-20T01:27:22 IST" skipped="0">
  <testcase classname="runners.CucumberRunnerTest" name="runScenario" time="30.921"/>
  <system-out/>
  <testcase classname="runners.CucumberRunnerTest" name="runScenario" time="30.194"/>
  <system-out/>
</testsuite> <!-- runners.CucumberRunnerTest -->
